<?xml version="1.0" encoding="UTF-8"?>
<testsuite xmlns:xsi="http://www.w3.org/2001/XMLSchema-instance" xsi:noNamespaceSchemaLocation="https://maven.apache.org/surefire/maven-surefire-plugin/xsd/surefire-test-report.xsd" name="ramiro.TestPetStore" time="2.456" tests="9" errors="0" skipped="0" failures="0">
  <properties>
[...]
</properties>
  <testcase name="testCreatePetSuccessfully" classname="ramiro.TestPetStore" time="1.459"/>
  <testcase name="testGetPetById" classname="ramiro.TestPetStore" time="0.055"/>
  <testcase name="testUpdatePet" classname="ramiro.TestPetStore" time="0.119"/>
  <testcase name="testDeletePet" classname="ramiro.TestPetStore" time="0.025"/>
  <testcase name="testUpdateUnexistingPet" classname="ramiro.TestPetStore" time="0.024"/>
  <testcase name="testFindUnexistingTag" classname="ramiro.TestPetStore" time="0.024"/>
  <testcase name="testFindByTwoTags" classname="ramiro.TestPetStore" time="0.052"/>
  <testcase name="testFindByTagsWithNoTagsProvided" classname="ramiro.TestPetStore" time="0.01"/>
  <testcase name="testConcurrentCreatePets" classname="ramiro.TestPetStore" time="0.681"/>
</testsuite>